<?xml version="1.0" encoding="UTF-8"?>
<!-- Generated by org.testng.reporters.JUnitReportReporter -->
<testsuite hostname="DESKTOP-SBHM82R" failures="0" tests="2" name="authorization" time="7.063" errors="0" timestamp="20 დეკ 2021 12:44:38 GMT" skipped="0">
  <testcase classname="authorization" name="test" time="7.020"/>
  <testcase classname="authorization" name="NegativeTest" time="0.043"/>
</testsuite> <!-- authorization -->
